The system is: Windows - 10.0.19045 - AMD64
Compiling the C compiler identification source file "CMakeCCompilerId.c" succeeded.
Compiler: C:/msys64/mingw64/bin/cc.exe 
Build flags: 
Id flags:  

The output was:
0


Compilation of the C compiler identification source "CMakeCCompilerId.c" produced "a.exe"

The C compiler identification is GNU, found in "D:/DBReducer/DBReducer_code/DBReducer/build/CMakeFiles/3.21.1/CompilerIdC/a.exe"

Compiling the CXX compiler identification source file "CMakeCXXCompilerId.cpp" succeeded.
Compiler: C:/msys64/mingw64/bin/c++.exe 
Build flags: 
Id flags:  

The output was:
0


Compilation of the CXX compiler identification source "CMakeCXXCompilerId.cpp" produced "a.exe"

The CXX compiler identification is GNU, found in "D:/DBReducer/DBReducer_code/DBReducer/build/CMakeFiles/3.21.1/CompilerIdCXX/a.exe"

Determining if the C compiler works passed with the following output:
Change Dir: D:/DBReducer/DBReducer_code/DBReducer/build/CMakeFiles/CMakeTmp

Run Build Command(s):C:/msys64/mingw64/bin/make.exe -f Makefile cmTC_45429/fast && C:/msys64/mingw64/bin/make.exe  -f CMakeFiles/cmTC_45429.dir/build.make CMakeFiles/cmTC_45429.dir/build
make[1]: Entering directory 'D:/DBReducer/DBReducer_code/DBReducer/build/CMakeFiles/CMakeTmp'
Building C object CMakeFiles/cmTC_45429.dir/testCCompiler.c.obj
C:/msys64/mingw64/bin/cc.exe    -o CMakeFiles/cmTC_45429.dir/testCCompiler.c.obj -c D:/DBReducer/DBReducer_code/DBReducer/build/CMakeFiles/CMakeTmp/testCCompiler.c
Linking C executable cmTC_45429.exe
"C:/Program Files/CMake/bin/cmake.exe" -E rm -f CMakeFiles/cmTC_45429.dir/objects.a
C:/msys64/mingw64/bin/ar.exe qc CMakeFiles/cmTC_45429.dir/objects.a @CMakeFiles/cmTC_45429.dir/objects1.rsp
C:/msys64/mingw64/bin/cc.exe -Wl,--whole-archive CMakeFiles/cmTC_45429.dir/objects.a -Wl,--no-whole-archive -o cmTC_45429.exe -Wl,--out-implib,libcmTC_45429.dll.a -Wl,--major-image-version,0,--minor-image-version,0 @CMakeFiles/cmTC_45429.dir/linklibs.rsp
make[1]: Leaving directory 'D:/DBReducer/DBReducer_code/DBReducer/build/CMakeFiles/CMakeTmp'



Determining if the CXX compiler works passed with the following output:
Change Dir: D:/DBReducer/DBReducer_code/DBReducer/build/CMakeFiles/CMakeTmp

Run Build Command(s):C:/msys64/mingw64/bin/make.exe -f Makefile cmTC_2084f/fast && C:/msys64/mingw64/bin/make.exe  -f CMakeFiles/cmTC_2084f.dir/build.make CMakeFiles/cmTC_2084f.dir/build
make[1]: Entering directory 'D:/DBReducer/DBReducer_code/DBReducer/build/CMakeFiles/CMakeTmp'
Building CXX object CMakeFiles/cmTC_2084f.dir/testCXXCompiler.cxx.obj
C:/msys64/mingw64/bin/c++.exe    -o CMakeFiles/cmTC_2084f.dir/testCXXCompiler.cxx.obj -c D:/DBReducer/DBReducer_code/DBReducer/build/CMakeFiles/CMakeTmp/testCXXCompiler.cxx
Linking CXX executable cmTC_2084f.exe
"C:/Program Files/CMake/bin/cmake.exe" -E rm -f CMakeFiles/cmTC_2084f.dir/objects.a
C:/msys64/mingw64/bin/ar.exe qc CMakeFiles/cmTC_2084f.dir/objects.a @CMakeFiles/cmTC_2084f.dir/objects1.rsp
C:/msys64/mingw64/bin/c++.exe -Wl,--whole-archive CMakeFiles/cmTC_2084f.dir/objects.a -Wl,--no-whole-archive -o cmTC_2084f.exe -Wl,--out-implib,libcmTC_2084f.dll.a -Wl,--major-image-version,0,--minor-image-version,0 @CMakeFiles/cmTC_2084f.dir/linklibs.rsp
make[1]: Leaving directory 'D:/DBReducer/DBReducer_code/DBReducer/build/CMakeFiles/CMakeTmp'



